<?xml version="1.0" encoding="UTF-8"?>
<testsuite name="com.sabana.taller.microservice_goodbye.MicroserviceGoodbyeApplicationTests" tests="1" skipped="0" failures="0" errors="0" timestamp="2025-04-10T16:47:21.278Z" hostname="PSTBOCCPROV" time="0.756">
  <properties/>
  <testcase name="contextLoads()" classname="com.sabana.taller.microservice_goodbye.MicroserviceGoodbyeApplicationTests" time="0.756"/>
  <system-out><![CDATA[11:47:19.385 [Test worker] INFO org.springframework.test.context.support.AnnotationConfigContextLoaderUtils -- Could not detect default configuration classes for test class [com.sabana.taller.microservice_goodbye.MicroserviceGoodbyeApplicationTests]: MicroserviceGoodbyeApplicationTests does not declare any static, non-private, non-final, nested classes annotated with @Configuration.
11:47:19.533 [Test worker] INFO org.springframework.boot.test.context.SpringBootTestContextBootstrapper -- Found @SpringBootConfiguration com.sabana.taller.microservice_goodbye.MicroserviceGoodbyeApplication for test class com.sabana.taller.microservice_goodbye.MicroserviceGoodbyeApplicationTests

  .   ____          _            __ _ _
 /\\ / ___'_ __ _ _(_)_ __  __ _ \ \ \ \
( ( )\___ | '_ | '_| | '_ \/ _` | \ \ \ \
 \\/  ___)| |_)| | | | | || (_| |  ) ) ) )
  '  |____| .__|_| |_|_| |_\__, | / / / /
 =========|_|==============|___/=/_/_/_/

 :: Spring Boot ::                (v3.4.4)

2025-04-10T11:47:20.014-05:00  INFO 6012 --- [microservice-goodbye] [    Test worker] .t.m.MicroserviceGoodbyeApplicationTests : Starting MicroserviceGoodbyeApplicationTests using Java 23.0.2 with PID 6012 (started by Lenovo in C:\Users\Lenovo\Documents\Sabana\Taller\microservice-goodbye)
2025-04-10T11:47:20.014-05:00  INFO 6012 --- [microservice-goodbye] [    Test worker] .t.m.MicroserviceGoodbyeApplicationTests : No active profile set, falling back to 1 default profile: "default"
2025-04-10T11:47:21.264-05:00  INFO 6012 --- [microservice-goodbye] [    Test worker] .t.m.MicroserviceGoodbyeApplicationTests : Started MicroserviceGoodbyeApplicationTests in 1.536 seconds (process running for 2.927)
]]></system-out>
  <system-err><![CDATA[Mockito is currently self-attaching to enable the inline-mock-maker. This will no longer work in future releases of the JDK. Please add Mockito as an agent to your build what is described in Mockito's documentation: https://javadoc.io/doc/org.mockito/mockito-core/latest/org/mockito/Mockito.html#0.3
WARNING: A Java agent has been loaded dynamically (C:\Users\Lenovo\.gradle\caches\modules-2\files-2.1\net.bytebuddy\byte-buddy-agent\1.15.11\a38b16385e867f59a641330f0362ebe742788ed8\byte-buddy-agent-1.15.11.jar)
WARNING: If a serviceability tool is in use, please run with -XX:+EnableDynamicAgentLoading to hide this warning
WARNING: If a serviceability tool is not in use, please run with -Djdk.instrument.traceUsage for more information
WARNING: Dynamic loading of agents will be disallowed by default in a future release
]]></system-err>
</testsuite>
