<?xml version="1.0" encoding="UTF-8"?>
<testsuite name="com.sabana.taller.microservice_hello.MicroserviceHelloApplicationTests" tests="1" skipped="0" failures="0" errors="0" timestamp="2025-04-10T16:47:41.287Z" hostname="PSTBOCCPROV" time="0.736">
  <properties/>
  <testcase name="contextLoads()" classname="com.sabana.taller.microservice_hello.MicroserviceHelloApplicationTests" time="0.736"/>
  <system-out><![CDATA[11:47:39.380 [Test worker] INFO org.springframework.test.context.support.AnnotationConfigContextLoaderUtils -- Could not detect default configuration classes for test class [com.sabana.taller.microservice_hello.MicroserviceHelloApplicationTests]: MicroserviceHelloApplicationTests does not declare any static, non-private, non-final, nested classes annotated with @Configuration.
11:47:39.529 [Test worker] INFO org.springframework.boot.test.context.SpringBootTestContextBootstrapper -- Found @SpringBootConfiguration com.sabana.taller.microservice_hello.MicroserviceHelloApplication for test class com.sabana.taller.microservice_hello.MicroserviceHelloApplicationTests

  .   ____          _            __ _ _
 /\\ / ___'_ __ _ _(_)_ __  __ _ \ \ \ \
( ( )\___ | '_ | '_| | '_ \/ _` | \ \ \ \
 \\/  ___)| |_)| | | | | || (_| |  ) ) ) )
  '  |____| .__|_| |_|_| |_\__, | / / / /
 =========|_|==============|___/=/_/_/_/

 :: Spring Boot ::                (v3.4.4)

2025-04-10T11:47:40.051-05:00  INFO 3248 --- [microservice-hello] [    Test worker] .s.t.m.MicroserviceHelloApplicationTests : Starting MicroserviceHelloApplicationTests using Java 23.0.2 with PID 3248 (started by Lenovo in C:\Users\Lenovo\Documents\Sabana\Taller\microservice-hello)
2025-04-10T11:47:40.051-05:00  INFO 3248 --- [microservice-hello] [    Test worker] .s.t.m.MicroserviceHelloApplicationTests : No active profile set, falling back to 1 default profile: "default"
2025-04-10T11:47:41.258-05:00  INFO 3248 --- [microservice-hello] [    Test worker] .s.t.m.MicroserviceHelloApplicationTests : Started MicroserviceHelloApplicationTests in 1.524 seconds (process running for 2.975)
]]></system-out>
  <system-err><![CDATA[Mockito is currently self-attaching to enable the inline-mock-maker. This will no longer work in future releases of the JDK. Please add Mockito as an agent to your build what is described in Mockito's documentation: https://javadoc.io/doc/org.mockito/mockito-core/latest/org/mockito/Mockito.html#0.3
WARNING: A Java agent has been loaded dynamically (C:\Users\Lenovo\.gradle\caches\modules-2\files-2.1\net.bytebuddy\byte-buddy-agent\1.15.11\a38b16385e867f59a641330f0362ebe742788ed8\byte-buddy-agent-1.15.11.jar)
WARNING: If a serviceability tool is in use, please run with -XX:+EnableDynamicAgentLoading to hide this warning
WARNING: If a serviceability tool is not in use, please run with -Djdk.instrument.traceUsage for more information
WARNING: Dynamic loading of agents will be disallowed by default in a future release
]]></system-err>
</testsuite>
